
  .   ____          _            __ _ _
 /\\ / ___'_ __ _ _(_)_ __  __ _ \ \ \ \
( ( )\___ | '_ | '_| | '_ \/ _` | \ \ \ \
 \\/  ___)| |_)| | | | | || (_| |  ) ) ) )
  '  |____| .__|_| |_|_| |_\__, | / / / /
 =========|_|==============|___/=/_/_/_/
 :: Spring Boot ::        (v2.0.2.RELEASE)

2018-05-11 14:42:51.286  INFO 64917 --- [           main] com.example.demo.DemoApplication         : Starting DemoApplication v0.0.1-SNAPSHOT on cuieneydeMacBook-Pro-2.local with PID 64917 (/Users/cuieneydemacbook/Desktop/server/demo/target/demo-0.0.1-SNAPSHOT.jar started by cuieney in /Users/cuieneydemacbook/Desktop/server/demo)
2018-05-11 14:42:51.290  INFO 64917 --- [           main] com.example.demo.DemoApplication         : No active profile set, falling back to default profiles: default
2018-05-11 14:42:51.353  INFO 64917 --- [           main] s.c.a.AnnotationConfigApplicationContext : Refreshing org.springframework.context.annotation.AnnotationConfigApplicationContext@27ddd392: startup date [Fri May 11 14:42:51 CST 2018]; root of context hierarchy
2018-05-11 14:42:53.411  INFO 64917 --- [           main] com.zaxxer.hikari.HikariDataSource       : HikariPool-1 - Starting...
2018-05-11 14:42:53.755  INFO 64917 --- [           main] com.zaxxer.hikari.pool.PoolBase          : HikariPool-1 - Driver does not support get/set network timeout for connections. (com.mysql.jdbc.JDBC4Connection.getNetworkTimeout()I)
2018-05-11 14:42:53.763  INFO 64917 --- [           main] com.zaxxer.hikari.HikariDataSource       : HikariPool-1 - Start completed.
2018-05-11 14:42:53.922  INFO 64917 --- [           main] j.LocalContainerEntityManagerFactoryBean : Building JPA container EntityManagerFactory for persistence unit 'default'
2018-05-11 14:42:53.965  INFO 64917 --- [           main] o.hibernate.jpa.internal.util.LogHelper  : HHH000204: Processing PersistenceUnitInfo [
	name: default
	...]
2018-05-11 14:42:54.153  INFO 64917 --- [           main] org.hibernate.Version                    : HHH000412: Hibernate Core {5.2.17.Final}
2018-05-11 14:42:54.155  INFO 64917 --- [           main] org.hibernate.cfg.Environment            : HHH000206: hibernate.properties not found
2018-05-11 14:42:54.236  INFO 64917 --- [           main] o.hibernate.annotations.common.Version   : HCANN000001: Hibernate Commons Annotations {5.0.1.Final}
2018-05-11 14:42:54.931  INFO 64917 --- [           main] org.hibernate.dialect.Dialect            : HHH000400: Using dialect: org.hibernate.dialect.MySQL5Dialect
2018-05-11 14:42:55.466  INFO 64917 --- [           main] j.LocalContainerEntityManagerFactoryBean : Initialized JPA EntityManagerFactory for persistence unit 'default'
2018-05-11 14:42:56.008  INFO 64917 --- [           main] o.s.j.e.a.AnnotationMBeanExporter        : Registering beans for JMX exposure on startup
2018-05-11 14:42:56.010  INFO 64917 --- [           main] o.s.j.e.a.AnnotationMBeanExporter        : Bean with name 'dataSource' has been autodetected for JMX exposure
2018-05-11 14:42:56.018  INFO 64917 --- [           main] o.s.j.e.a.AnnotationMBeanExporter        : Located MBean 'dataSource': registering with JMX server as MBean [com.zaxxer.hikari:name=dataSource,type=HikariDataSource]
2018-05-11 14:42:56.041  INFO 64917 --- [           main] com.example.demo.DemoApplication         : Started DemoApplication in 20.336 seconds (JVM running for 20.911)
2018-05-11 14:42:56.047  INFO 64917 --- [       Thread-2] s.c.a.AnnotationConfigApplicationContext : Closing org.springframework.context.annotation.AnnotationConfigApplicationContext@27ddd392: startup date [Fri May 11 14:42:51 CST 2018]; root of context hierarchy
2018-05-11 14:42:56.050  INFO 64917 --- [       Thread-2] o.s.j.e.a.AnnotationMBeanExporter        : Unregistering JMX-exposed beans on shutdown
2018-05-11 14:42:56.051  INFO 64917 --- [       Thread-2] o.s.j.e.a.AnnotationMBeanExporter        : Unregistering JMX-exposed beans
2018-05-11 14:42:56.052  INFO 64917 --- [       Thread-2] j.LocalContainerEntityManagerFactoryBean : Closing JPA EntityManagerFactory for persistence unit 'default'
2018-05-11 14:42:56.053  INFO 64917 --- [       Thread-2] com.zaxxer.hikari.HikariDataSource       : HikariPool-1 - Shutdown initiated...
2018-05-11 14:42:56.062  INFO 64917 --- [       Thread-2] com.zaxxer.hikari.HikariDataSource       : HikariPool-1 - Shutdown completed.
